{"name": "test_place_order[chrome-Ramya-India-Bengaluru-297968355916-june-2027]", "status": "broken", "statusDetails": {"message": "selenium.common.exceptions.NoSuchElementException: Message: no such element: Unable to locate element: {\"method\":\"css selector\",\"selector\":\"#tbodyid .hrefch\"}\n  (Session info: chrome=141.0.7390.108); For documentation on this error, please visit: https://www.selenium.dev/documentation/webdriver/troubleshooting/errors#no-such-element-exception\nStacktrace:\n\tGetHandleVerifier [0x0x106fe43+66515]\n\tGetHandleVerifier [0x0x106fe84+66580]\n\t(No symbol) [0x0xe5dc48]\n\t(No symbol) [0x0xea8704]\n\t(No symbol) [0x0xea8aab]\n\t(No symbol) [0x0xeef482]\n\t(No symbol) [0x0xecb214]\n\t(No symbol) [0x0xeecba7]\n\t(No symbol) [0x0xecafc6]\n\t(No symbol) [0x0xe9c2ca]\n\t(No symbol) [0x0xe9d154]\n\tGetHandleVerifier [0x0x12c7353+2521315]\n\tGetHandleVerifier [0x0x12c22d3+2500707]\n\tGetHandleVerifier [0x0x1097c94+229924]\n\tGetHandleVerifier [0x0x10881f8+165768]\n\tGetHandleVerifier [0x0x108ecad+193085]\n\tGetHandleVerifier [0x0x1078158+100072]\n\tGetHandleVerifier [0x0x10782f0+100480]\n\tGetHandleVerifier [0x0x10625aa+11066]\n\tBaseThreadInitThunk [0x0x75cb5d49+25]\n\tRtlInitializeExceptionChain [0x0x7779d6db+107]\n\tRtlGetAppContainerNamedObjectPath [0x0x7779d661+561]", "trace": "logged_in_driver = <selenium.webdriver.chrome.webdriver.WebDriver (session=\"90bf8c1c9539a3008989a09a99bb2821\")>, name = 'Ramya', country = 'India', city = 'Bengaluru', card = '297968355916', month = 'june', year = '2027'\n\n    @pytest.mark.order(4)\n    @pytest.mark.parametrize(\n        \"name,country,city,card,month,year\",\n        read_order_data_from_csv()\n    )\n    def test_place_order(logged_in_driver, name, country, city, card, month, year):\n        driver = logged_in_driver\n        wait = WebDriverWait(driver, 10)\n    \n        print(f\"\\n=== Starting Place Order Test for {name} ===\")\n        driver.get(\"https://www.demoblaze.com\")\n        driver.maximize_window()\n    \n        print(\"[Login] Using already logged-in session\")\n    \n        # Step 1: Open a product\n        print(\"[Step 1] Opening a product...\")\n        product_page = ProductPage(driver)\n>       product_page.open_product()\n\ntests\\test_place_order.py:83: \n_ _ _ _ _ _ _ _ _ _ _ _ _ _ _ _ _ _ _ _ _ _ _ _ _ _ _ _ _ _ _ _ _ _ _ _ _ _ _ _ _ _ _ _ _ _ _ _ _ _ _ _ _ _ _ _ _ _ _ _ _ _ _ _ _ _ _ _ _ _ _ _ _ _ _ _ _ _ _ _ _ _ _ _ _ _ _ _ _ _ _ _ _ _ _ _ _ _ _ _ _ _ _ _ _ _ _ _ _ _ _ _ _ _\npages\\product_page.py:14: in open_product\n    first_product = self.driver.find_element(By.CSS_SELECTOR, \"#tbodyid .hrefch\")\n                    ^^^^^^^^^^^^^^^^^^^^^^^^^^^^^^^^^^^^^^^^^^^^^^^^^^^^^^^^^^^^^\n.venv\\Lib\\site-packages\\selenium\\webdriver\\remote\\webdriver.py:738: in find_element\n    return self.execute(Command.FIND_ELEMENT, {\"using\": by, \"value\": value})[\"value\"]\n           ^^^^^^^^^^^^^^^^^^^^^^^^^^^^^^^^^^^^^^^^^^^^^^^^^^^^^^^^^^^^^^^^^\n.venv\\Lib\\site-packages\\selenium\\webdriver\\remote\\webdriver.py:344: in execute\n    self.error_handler.check_response(response)\n_ _ _ _ _ _ _ _ _ _ _ _ _ _ _ _ _ _ _ _ _ _ _ _ _ _ _ _ _ _ _ _ _ _ _ _ _ _ _ _ _ _ _ _ _ _ _ _ _ _ _ _ _ _ _ _ _ _ _ _ _ _ _ _ _ _ _ _ _ _ _ _ _ _ _ _ _ _ _ _ _ _ _ _ _ _ _ _ _ _ _ _ _ _ _ _ _ _ _ _ _ _ _ _ _ _ _ _ _ _ _ _ _ _\n\nself = <selenium.webdriver.remote.errorhandler.ErrorHandler object at 0x0000019D7EB8B770>\nresponse = {'status': 404, 'value': '{\"value\":{\"error\":\"no such element\",\"message\":\"no such element: Unable to locate element: {\\...]\\\\n\\\\tRtlInitializeExceptionChain [0x0x7779d6db+107]\\\\n\\\\tRtlGetAppContainerNamedObjectPath [0x0x7779d661+561]\\\\n\"}}'}\n\n    def check_response(self, response: Dict[str, Any]) -> None:\n        \"\"\"Checks that a JSON response from the WebDriver does not have an\n        error.\n    \n        :Args:\n         - response - The JSON response from the WebDriver server as a dictionary\n           object.\n    \n        :Raises: If the response contains an error message.\n        \"\"\"\n        status = response.get(\"status\", None)\n        if not status or status == ErrorCode.SUCCESS:\n            return\n        value = None\n        message = response.get(\"message\", \"\")\n        screen: str = response.get(\"screen\", \"\")\n        stacktrace = None\n        if isinstance(status, int):\n            value_json = response.get(\"value\", None)\n            if value_json and isinstance(value_json, str):\n                import json\n    \n                try:\n                    value = json.loads(value_json)\n                    if len(value) == 1:\n                        value = value[\"value\"]\n                    status = value.get(\"error\", None)\n                    if not status:\n                        status = value.get(\"status\", ErrorCode.UNKNOWN_ERROR)\n                        message = value.get(\"value\") or value.get(\"message\")\n                        if not isinstance(message, str):\n                            value = message\n                            message = message.get(\"message\")\n                    else:\n                        message = value.get(\"message\", None)\n                except ValueError:\n                    pass\n    \n        exception_class: Type[WebDriverException]\n        e = ErrorCode()\n        error_codes = [item for item in dir(e) if not item.startswith(\"__\")]\n        for error_code in error_codes:\n            error_info = getattr(ErrorCode, error_code)\n            if isinstance(error_info, list) and status in error_info:\n                exception_class = getattr(ExceptionMapping, error_code, WebDriverException)\n                break\n        else:\n            exception_class = WebDriverException\n    \n        if not value:\n            value = response[\"value\"]\n        if isinstance(value, str):\n            raise exception_class(value)\n        if message == \"\" and \"message\" in value:\n            message = value[\"message\"]\n    \n        screen = None  # type: ignore[assignment]\n        if \"screen\" in value:\n            screen = value[\"screen\"]\n    \n        stacktrace = None\n        st_value = value.get(\"stackTrace\") or value.get(\"stacktrace\")\n        if st_value:\n            if isinstance(st_value, str):\n                stacktrace = st_value.split(\"\\n\")\n            else:\n                stacktrace = []\n                try:\n                    for frame in st_value:\n                        line = frame.get(\"lineNumber\", \"\")\n                        file = frame.get(\"fileName\", \"<anonymous>\")\n                        if line:\n                            file = f\"{file}:{line}\"\n                        meth = frame.get(\"methodName\", \"<anonymous>\")\n                        if \"className\" in frame:\n                            meth = f\"{frame['className']}.{meth}\"\n                        msg = \"    at %s (%s)\"\n                        msg = msg % (meth, file)\n                        stacktrace.append(msg)\n                except TypeError:\n                    pass\n        if exception_class == UnexpectedAlertPresentException:\n            alert_text = None\n            if \"data\" in value:\n                alert_text = value[\"data\"].get(\"text\")\n            elif \"alert\" in value:\n                alert_text = value[\"alert\"].get(\"text\")\n            raise exception_class(message, screen, stacktrace, alert_text)  # type: ignore[call-arg]  # mypy is not smart enough here\n>       raise exception_class(message, screen, stacktrace)\nE       selenium.common.exceptions.NoSuchElementException: Message: no such element: Unable to locate element: {\"method\":\"css selector\",\"selector\":\"#tbodyid .hrefch\"}\nE         (Session info: chrome=141.0.7390.108); For documentation on this error, please visit: https://www.selenium.dev/documentation/webdriver/troubleshooting/errors#no-such-element-exception\nE       Stacktrace:\nE       \tGetHandleVerifier [0x0x106fe43+66515]\nE       \tGetHandleVerifier [0x0x106fe84+66580]\nE       \t(No symbol) [0x0xe5dc48]\nE       \t(No symbol) [0x0xea8704]\nE       \t(No symbol) [0x0xea8aab]\nE       \t(No symbol) [0x0xeef482]\nE       \t(No symbol) [0x0xecb214]\nE       \t(No symbol) [0x0xeecba7]\nE       \t(No symbol) [0x0xecafc6]\nE       \t(No symbol) [0x0xe9c2ca]\nE       \t(No symbol) [0x0xe9d154]\nE       \tGetHandleVerifier [0x0x12c7353+2521315]\nE       \tGetHandleVerifier [0x0x12c22d3+2500707]\nE       \tGetHandleVerifier [0x0x1097c94+229924]\nE       \tGetHandleVerifier [0x0x10881f8+165768]\nE       \tGetHandleVerifier [0x0x108ecad+193085]\nE       \tGetHandleVerifier [0x0x1078158+100072]\nE       \tGetHandleVerifier [0x0x10782f0+100480]\nE       \tGetHandleVerifier [0x0x10625aa+11066]\nE       \tBaseThreadInitThunk [0x0x75cb5d49+25]\nE       \tRtlInitializeExceptionChain [0x0x7779d6db+107]\nE       \tRtlGetAppContainerNamedObjectPath [0x0x7779d661+561]\n\n.venv\\Lib\\site-packages\\selenium\\webdriver\\remote\\errorhandler.py:229: NoSuchElementException"}, "attachments": [{"name": "stdout", "source": "4229a6ee-4e44-40a0-a2b5-d8ba6e36e7ce-attachment.txt", "type": "text/plain"}], "parameters": [{"name": "logged_in_driver", "value": "'chrome'"}, {"name": "name", "value": "'Ramya'"}, {"name": "country", "value": "'India'"}, {"name": "city", "value": "'Bengaluru'"}, {"name": "card", "value": "'297968355916'"}, {"name": "month", "value": "'june'"}, {"name": "year", "value": "'2027'"}], "start": 1761107956823, "stop": 1761107957405, "uuid": "aeac8652-320d-40fa-a502-9e9f46a9d3ce", "historyId": "934d0ed1ad1ca8ca5f444e83d8eff8bf", "testCaseId": "35b5e6e5828d06d2bebaee1c7e718b2f", "fullName": "tests.test_place_order#test_place_order", "labels": [{"name": "parentSuite", "value": "tests"}, {"name": "suite", "value": "test_place_order"}, {"name": "host", "value": "ASCENDI-VC9THP6"}, {"name": "thread", "value": "15940-MainThread"}, {"name": "framework", "value": "pytest"}, {"name": "language", "value": "cpython3"}, {"name": "package", "value": "tests.test_place_order"}], "titlePath": ["tests", "test_place_order.py"]}